Unity Editor version:    2020.3.24f1 (79c78de19888)
Branch:                  2020.3/staging
Build type:              Release
Batch mode:              YES
macOS version:           Version 12.4 (Build 21F79)
Darwin version:          21.5.0
Architecture:            x86_64
Running under Rosetta:   YES
Available memory:        16384 MB
Using pre-set license
Pro License: NO

COMMAND LINE ARGUMENTS:
/Applications/Unity/Hub/Editor/2020.3.24f1/Unity.app/Contents/MacOS/Unity
-adb2
-batchMode
-noUpm
-name
AssetImportWorker1
-projectPath
/Users/joek/Documents/STUFF/UnityProjects/Sunee-Unity-Project/Sunee-Unity-Project
-logFile
Logs/AssetImportWorker1.log
-srvPort
64457
Successfully changed project path to: /Users/joek/Documents/STUFF/UnityProjects/Sunee-Unity-Project/Sunee-Unity-Project
/Users/joek/Documents/STUFF/UnityProjects/Sunee-Unity-Project/Sunee-Unity-Project
Using Asset Import Pipeline V2.
Refreshing native plugins compatible for Editor in 48.77 ms, found 2 plugins.
Preloading 0 native plugins for Editor in 0.00 ms.
Initialize engine version: 2020.3.24f1 (79c78de19888)
[Subsystems] Discovering subsystems at path /Applications/Unity/Hub/Editor/2020.3.24f1/Unity.app/Contents/Resources/UnitySubsystems
[Subsystems] Discovering subsystems at path /Users/joek/Documents/STUFF/UnityProjects/Sunee-Unity-Project/Sunee-Unity-Project/Assets
GfxDevice: creating device client; threaded=0
2023-06-14 11:50:18.087 Unity[36244:44163326] (null) preferred device: Apple M1 (high power)
2023-06-14 11:50:18.087 Unity[36244:44163326] Metal devices available: 1
2023-06-14 11:50:18.087 Unity[36244:44163326] 0: Apple M1 (high power)
2023-06-14 11:50:18.087 Unity[36244:44163326] Using device Apple M1 (high power)
Initializing Metal device caps: Apple M1
Initialize mono
Mono path[0] = '/Applications/Unity/Hub/Editor/2020.3.24f1/Unity.app/Contents/Managed'
Mono path[1] = '/Applications/Unity/Hub/Editor/2020.3.24f1/Unity.app/Contents/MonoBleedingEdge/lib/mono/unityjit'
Mono config path = '/Applications/Unity/Hub/Editor/2020.3.24f1/Unity.app/Contents/MonoBleedingEdge/etc'
Using monoOptions --debugger-agent=transport=dt_socket,embedding=1,server=y,suspend=n,address=127.0.0.1:56244
Begin MonoManager ReloadAssembly
Registering precompiled unity dll's ...
Register platform support module: /Applications/Unity/Hub/Editor/2020.3.24f1/Unity.app/Contents/PlaybackEngines/MacStandaloneSupport/UnityEditor.OSXStandalone.Extensions.dll
Register platform support module: /Applications/Unity/Hub/Editor/2020.3.24f1/PlaybackEngines/WindowsStandaloneSupport/UnityEditor.WindowsStandalone.Extensions.dll
Registered in 0.002633 seconds.
Native extension for WindowsStandalone target not found
Native extension for OSXStandalone target not found
Refreshing native plugins compatible for Editor in 35.74 ms, found 2 plugins.
Preloading 0 native plugins for Editor in 0.00 ms.
Mono: successfully reloaded assembly
- Completed reload, in  1.353 seconds
Domain Reload Profiling:
	ReloadAssembly (1353ms)
		BeginReloadAssembly (90ms)
			ExecutionOrderSort (0ms)
			DisableScriptedObjects (0ms)
			BackupInstance (0ms)
			ReleaseScriptingObjects (0ms)
			CreateAndSetChildDomain (4ms)
		EndReloadAssembly (1116ms)
			LoadAssemblies (84ms)
			RebuildTransferFunctionScriptingTraits (3ms)
			SetupTypeCache (208ms)
			ReleaseScriptCaches (0ms)
			RebuildScriptCaches (50ms)
			SetupLoadedEditorAssemblies (547ms)
				LogAssemblyErrors (0ms)
				InitializePlatformSupportModulesInManaged (16ms)
				SetLoadedEditorAssemblies (1ms)
				RefreshPlugins (36ms)
				BeforeProcessingInitializeOnLoad (36ms)
				ProcessInitializeOnLoadAttributes (335ms)
				ProcessInitializeOnLoadMethodAttributes (123ms)
				AfterProcessingInitializeOnLoad (0ms)
				EditorAssembliesLoaded (1ms)
			ExecutionOrderSort2 (0ms)
			AwakeInstancesAfterBackupRestoration (0ms)
Platform modules already initialized, skipping
Registering precompiled user dll's ...
Registered in 0.005584 seconds.
Begin MonoManager ReloadAssembly
Native extension for WindowsStandalone target not found
Native extension for OSXStandalone target not found
Refreshing native plugins compatible for Editor in 0.42 ms, found 2 plugins.
Preloading 0 native plugins for Editor in 0.00 ms.
Mono: successfully reloaded assembly
- Completed reload, in  4.354 seconds
Domain Reload Profiling:
	ReloadAssembly (4356ms)
		BeginReloadAssembly (280ms)
			ExecutionOrderSort (0ms)
			DisableScriptedObjects (33ms)
			BackupInstance (0ms)
			ReleaseScriptingObjects (0ms)
			CreateAndSetChildDomain (43ms)
		EndReloadAssembly (3973ms)
			LoadAssemblies (257ms)
			RebuildTransferFunctionScriptingTraits (0ms)
			SetupTypeCache (392ms)
			ReleaseScriptCaches (1ms)
			RebuildScriptCaches (62ms)
			SetupLoadedEditorAssemblies (2965ms)
				LogAssemblyErrors (0ms)
				InitializePlatformSupportModulesInManaged (16ms)
				SetLoadedEditorAssemblies (1ms)
				RefreshPlugins (0ms)
				BeforeProcessingInitializeOnLoad (203ms)
				ProcessInitializeOnLoadAttributes (2714ms)
				ProcessInitializeOnLoadMethodAttributes (29ms)
				AfterProcessingInitializeOnLoad (1ms)
				EditorAssembliesLoaded (0ms)
			ExecutionOrderSort2 (0ms)
			AwakeInstancesAfterBackupRestoration (31ms)
Platform modules already initialized, skipping
Validating Project structure ... 0.000501 seconds.
Shader import version has changed; will reimport all shaders...
Upgrading shader files ...0.000302 seconds.
Application.AssetDatabase Initial Script Refresh Start
RefreshInfo: InitialScriptRefreshV2(NoUpdateAssetOptions) scanfilter:  ... 1 filters
RefreshProfiler: Total: 0.000ms
Application.AssetDatabase Initial Script Refresh End
Application.AssetDatabase.Refresh Start
Application.AssetDatabase.Refresh End
RefreshInfo: StopAssetImportingV2(ForceSynchronousImport) scanfilter: 
RefreshProfiler: Total: 0.000ms
Launching external process: /Applications/Unity/Hub/Editor/2020.3.24f1/Unity.app/Contents/Tools/UnityShaderCompiler
Launched and connected shader compiler UnityShaderCompiler after 0.55 seconds
Initializing Unity extensions:
2023-06-14 11:50:26.186 Unity[36244:44163326] NSEventModifierFlagFunction specified to -setKeyEquivalentModifierMask: for item <NSMenuItem: 0x7fbc916b40a0 Font Asset, ke='Command-F12'>, but is only supported for system-provided menu items; will not be used
2023-06-14 11:50:26.189 Unity[36244:44163326] NSEventModifierFlagFunction specified to -setKeyEquivalentModifierMask: for item <NSMenuItem: 0x7fbc916fc9b0 Font Asset, ke='Command-F12'>, but is only supported for system-provided menu items; will not be used
========================================================================
Worker process is ready to serve import requests
Refreshing native plugins compatible for Editor in 0.33 ms, found 2 plugins.
Preloading 0 native plugins for Editor in 0.00 ms.
Unloading 1891 Unused Serialized files (Serialized files now loaded: 0)
System memory in use before: 206.8 MB.
System memory in use after: 206.6 MB.

Unloading 101 unused Assets to reduce memory usage. Loaded Objects now: 2376.
Total: 11.692208 ms (FindLiveObjects: 0.302000 ms CreateObjectMapping: 0.058417 ms MarkObjects: 11.032542 ms  DeleteObjects: 0.275250 ms)

AssetImportParameters requested are different than current active one (requested -> active):
  custom:video-decoder-ogg-theora: a1e56fd34408186e4bbccfd4996cb3dc -> 
  custom:container-muxer-webm: aa71ff27fc2769a1b78a27578f13a17b -> 
  custom:container-demuxer-webm: 4f35f7cbe854078d1ac9338744f61a02 -> 
  custom:container-demuxer-ogg: 62fdf1f143b41e24485cea50d1cbac27 -> 
  custom:video-encoder-webm-vp8: eb34c28f22e8b96e1ab97ce403110664 -> 
  custom:framework-osx-AVFoundation: e770b220cccbd017edd2c1fefb359320 -> 
  custom:video-decoder-webm-vp8: 9c59270c3fd7afecdb556c50c9e8de78 -> 
  custom:audio-decoder-ogg-vorbis: bf7c407c2cedff20999df2af8eb42d56 -> 
  custom:audio-encoder-webm-vorbis: bf7c407c2cedff20999df2af8eb42d56 -> 
========================================================================
Received Import Request.
  path: Assets/Resources/monitordata/monitor.csv
  artifactKey: Guid(908484e44110543939506bec8d25adde) Importer(815301076,1909f56bfc062723c751e8b465ee728b)
Start importing Assets/Resources/monitordata/monitor.csv using Guid(908484e44110543939506bec8d25adde) Importer(815301076,1909f56bfc062723c751e8b465ee728b)  -> (artifact id: 'b08029e4bd9c74767592f730244d49bb') in 1.242205 seconds 
  Import took 1.251333 seconds .

========================================================================
Received Import Request.
  Time since last request: 0.000350 seconds.
  path: Assets/Scalemanager.cs
  artifactKey: Guid(2ad5312d09bca49de9740fbdf0ba403f) Importer(815301076,1909f56bfc062723c751e8b465ee728b)
Start importing Assets/Scalemanager.cs using Guid(2ad5312d09bca49de9740fbdf0ba403f) Importer(815301076,1909f56bfc062723c751e8b465ee728b)  -> (artifact id: '223cbcd94c03bf7d7102397a9b857961') in 0.206596 seconds 
  Import took 0.215996 seconds .

========================================================================
Received Import Request.
  Time since last request: 0.000283 seconds.
  path: Assets/Resources/monitordata
  artifactKey: Guid(859f63333b78f4644bda790fa4ac16c6) Importer(815301076,1909f56bfc062723c751e8b465ee728b)
Start importing Assets/Resources/monitordata using Guid(859f63333b78f4644bda790fa4ac16c6) Importer(815301076,1909f56bfc062723c751e8b465ee728b)  -> (artifact id: '7fcb60d6e7e8cb16c5ee4e720382e5cd') in 0.006957 seconds 
  Import took 0.013956 seconds .

